<?xml version="1.0" encoding="UTF-8"?>
<testng-results ignored="0" total="2" passed="2" failed="0" skipped="0">
  <reporter-output>
  </reporter-output>
  <suite started-at="2021-01-25T11:26:01Z" name="Docker" finished-at="2021-01-25T11:26:29Z" duration-ms="27392">
    <groups>
    </groups>
    <test started-at="2021-01-25T11:26:01Z" name="DockerTest" finished-at="2021-01-25T11:26:29Z" duration-ms="27392">
      <class name="docker.testcases.ContainersTest">
        <test-method is-config="true" signature="setup()[pri:0, instance:docker.testcases.ContainersTest@6cd24612]" started-at="2021-01-25T16:56:01Z" name="setup" finished-at="2021-01-25T16:56:11Z" duration-ms="9202" status="PASS">
          <reporter-output>
          </reporter-output>
        </test-method> <!-- setup -->
        <test-method signature="containers_Exercise()[pri:0, instance:docker.testcases.ContainersTest@6cd24612]" started-at="2021-01-25T16:56:11Z" name="containers_Exercise" description="Dockerhub Containers tab validation exercise" finished-at="2021-01-25T16:56:20Z" duration-ms="8852" status="PASS">
          <reporter-output>
          </reporter-output>
        </test-method> <!-- containers_Exercise -->
        <test-method is-config="true" signature="teardown()[pri:0, instance:docker.testcases.ContainersTest@6cd24612]" started-at="2021-01-25T16:56:20Z" name="teardown" finished-at="2021-01-25T16:56:21Z" duration-ms="1250" status="PASS">
          <reporter-output>
          </reporter-output>
        </test-method> <!-- teardown -->
      </class> <!-- docker.testcases.ContainersTest -->
      <class name="docker.testcases.GoogleTest">
        <test-method is-config="true" signature="setup()[pri:0, instance:docker.testcases.GoogleTest@5dafbe45]" started-at="2021-01-25T16:56:21Z" name="setup" finished-at="2021-01-25T16:56:26Z" duration-ms="5537" status="PASS">
          <reporter-output>
          </reporter-output>
        </test-method> <!-- setup -->
        <test-method signature="containers_Exercise()[pri:0, instance:docker.testcases.GoogleTest@5dafbe45]" started-at="2021-01-25T16:56:26Z" name="containers_Exercise" description="Google page" finished-at="2021-01-25T16:56:28Z" duration-ms="1613" status="PASS">
          <reporter-output>
          </reporter-output>
        </test-method> <!-- containers_Exercise -->
        <test-method is-config="true" signature="teardown()[pri:0, instance:docker.testcases.GoogleTest@5dafbe45]" started-at="2021-01-25T16:56:28Z" name="teardown" finished-at="2021-01-25T16:56:29Z" duration-ms="689" status="PASS">
          <reporter-output>
          </reporter-output>
        </test-method> <!-- teardown -->
      </class> <!-- docker.testcases.GoogleTest -->
    </test> <!-- DockerTest -->
  </suite> <!-- Docker -->
</testng-results>
