<?xml version="1.0" encoding="UTF-8"?>
<testng-results ignored="0" total="1" passed="1" failed="0" skipped="0">
  <reporter-output>
  </reporter-output>
  <suite started-at="2020-12-20T18:56:42 IST" name="Default suite" finished-at="2020-12-20T18:57:00 IST" duration-ms="17172">
    <groups>
    </groups>
    <test started-at="2020-12-20T18:56:42 IST" name="Default test" finished-at="2020-12-20T18:57:00 IST" duration-ms="17172">
      <class name="docker.testcases.Containers">
        <test-method is-config="true" signature="setup()[pri:0, instance:docker.testcases.Containers@49c386c8]" started-at="2020-12-20T18:56:42 IST" name="setup" finished-at="2020-12-20T18:56:55 IST" duration-ms="12707" status="PASS">
          <reporter-output>
          </reporter-output>
        </test-method> <!-- setup -->
        <test-method signature="containers_Exercise()[pri:0, instance:docker.testcases.Containers@49c386c8]" started-at="2020-12-20T18:56:55 IST" name="containers_Exercise" description="Dockerhub Containers tab validation exercise" finished-at="2020-12-20T18:56:59 IST" duration-ms="3580" status="PASS">
          <reporter-output>
          </reporter-output>
        </test-method> <!-- containers_Exercise -->
        <test-method is-config="true" signature="teardown()[pri:0, instance:docker.testcases.Containers@49c386c8]" started-at="2020-12-20T18:56:59 IST" name="teardown" finished-at="2020-12-20T18:57:00 IST" duration-ms="831" status="PASS">
          <reporter-output>
          </reporter-output>
        </test-method> <!-- teardown -->
      </class> <!-- docker.testcases.Containers -->
    </test> <!-- Default test -->
  </suite> <!-- Default suite -->
</testng-results>
